
Scan this QR code with WhatsApp on your phone:
█████████████████████████████████████████████████████████████████
█████████████████████████████████████████████████████████████████
████ ▄▄▄▄▄ ███ ▀ ▀█▄ ██▄ ▄▄    ▄▄▄ ▄▀█  ▀▄▄  ▄ ▀██▄ ██ ▄▄▄▄▄ ████
████ █   █ █▄▄ ▀ ▄█▄▄▄▄ ████▄█▄▄▄██▄▄▀ ██▄██▄▀▄▄█▀▄ ██ █   █ ████
████ █▄▄▄█ ██▄▄ ▀▄▀█▄▀  ▀███▄▀ ▄▄▄  █▄ ▀  ▄ ▄▄▄██ ▀▄██ █▄▄▄█ ████
████▄▄▄▄▄▄▄█ ▀ █ █▄▀▄▀▄█ ▀▄▀▄▀ █▄█ █▄█ █ █▄▀▄▀ █ █▄█ █▄▄▄▄▄▄▄████
████▄  ▀▄▄▄▄ █▄ ▀  █▄█ ▄▄▄▄ █ ▄  ▄▄█▄ ▄█ ██  █▄▀▄█▄▄█▄▄██▀▄█▀████
████▀██ █▀▄▀█▄▄█▀ ▀█▄█▄█  ▀ ██▄▄ █ ▀ █▄ █   ▄▀▄██▀▄█ ▄█▀▄██▄ ████
████ ▄▄█  ▄ ▄▄▀ █ █▄▄█▄▄▄ ███ █▄ █▀  ▄▄▄ ▄█  ▄█ ▄▄█ █▄▄  ▀▄▄█████
████▄█▄█▀▄▄▄█▀▄▄█ █ █▄▀█ █ ▄ ▄▄ █▀  ▄ ▀▀▀▀▀▄ ▄▄   ▀█▀▀█▀ ██▄▄████
█████ ▄▀▀ ▄ ▀██▀▄▄ ▄█▄▄█▄ ▄█▄▄▄ ▀██  ▀▄█ ▄▄▀▄▀▄▄▄▄▄ █ ▄▄▄▀▄▄▀████
████  ▄ ██▄▀▀▀▀▀▄█▄▀█ █▀  █ ▄██▄▀ █ █ █ ▀██▀█▄██▄▄▀▀▄ █▄ ▄▄▄▄████
████▀█ █ ▄▄▀▄█▀ ▄█▄█ ▀  ▄ ▄█ ▄▀▄▄▄█▄ ▄█▄▄▄▄  ▀█  █▄ ███▄▄▀▀▄▀████
████  █ ██▄█ ██▄▄▄ █▀▀  ▄▀██▀█▀█ ▄█▀██▀▀▀▀▄█ ▄▀█▀    ▀▄▀▄███▄████
████ ▀█ ▄ ▄█▄ █▀██▀█▄ ▄▀█ ▄▄▄▀▄▀▄ █ ▀█▀  ▄██ ▄█▀▄▄▄█▄ ▄▄▄ █ █████
████ ▀ ▄ ▄▄▄ ▄ █ ▀▀▀  ▀▄ █▄▄▄▄ ▄▄▄ ▄█▀▄  ▄▄▄█▀▀▄ ▄▄▄ ▄▄▄ █▄▄▄████
████▀▄   █▄█  █▄▀█▀██ ██▄█▄█▄█ █▄█ ▄▄▄▄  ▄▄▄▄██▄▄▄▄▀ █▄█ ▄▀ █████
█████▀ ▄▄▄▄▄ ▀█▀ █▀▀ ▄ █ █▄▀▄ ▄ ▄▄   ▄▀ ▀█▄█▄▀ █▀▀█▀    ▄█▄ ▄████
████ ▄ ▄█▀▄▄  ▀▀█▀███ ▄█▄  ▄▄ ██▄█▄   ▄▄▄█▄ ▄▄▄█▄▄██▄█▀█▄██▀ ████
████▄▄ ▄▀█▄█▀▀ ▄▀▄ ██▄▀▄█▄█ ▄▀█▄██▄▀▀█▀█▀  ▀▄▀██▄▀██▀  ▄█ ▄▄▄████
█████▄ ▄█▄▄▄▀▄▄▀ ▄▀ ▄  █    ▄▀█ ▄▀▄  ▄██ ▄▄▄ ██▄ █▄▀ ▀ ▄▄▄█  ████
█████ ▀▄▄ ▄ █▄▄  ██ ▄  █▀█  ▄▀▀ ▄█ █▄▀██ █▄▀ ████ ▀▀▀▄  █▄█ █████
████ ██▀▀▀▄▄▀██▄█▄██▄▄  █  ██▀ ▄█▄ █▄ ▄ ▄▀█  ▄▄ ▄█▄██▀█ █▀█▀▄████
█████▄ █▀▄▄▄▀█▄█ █ █ █▄ █ ▀███ █▄▄ █  ▄▀█ ██   ▀▀██▀   ▀▀█▄▄▄████
█████▄█▄▀▄▄ ▀█▀▀  ▄▄▄█▄██ █ █ ▄ █  ▀▄██  ▄▄█▄▄█ ▄██▀█▄▀ ██▄▄ ████
████ ▀ ▀▀▄▄▄▀▀██▀█  ▀▄█ ▄ ▀▀█▄██▄   ▄█▀  ▀ █▄▄█▄ ▀▀▄█  ▀███▄▄████
██████████▄█  ▀█▀█ ▄▄█ ██▄ ██  ▄▄▄  ▄█▄▄▄██▄ ▄█▄▄▄▄▀ ▄▄▄ ▄▄█▄████
████ ▄▄▄▄▄ █ ██▄▀█▄ ▄█▀██▄▀ ▀  █▄█ ▄▄█▄▀▄▄▄▄▄▄█ █▀█▀ █▄█ █▄ ▄████
████ █   █ █▄▀█▀▀█▀█ ▀  ▄  █ █ ▄ ▄  ▄▄█ ▄ ▄▄▄ ▄  ██▄ ▄▄▄  ▄ ▄████
████ █▄▄▄█ █ ▀███  █▀█  ▄▄██▀█ █▄█▀▀██  ▄ █▄▄ ▀▀██▄▀ ▄█▀ ▄█▀▄████
████▄▄▄▄▄▄▄█▄██▄█████▄▄▄█▄▄▄█▄▄███▄▄███▄▄▄█▄▄██▄▄█▄██▄▄█▄▄█▄▄████
█████████████████████████████████████████████████████████████████
▀▀▀▀▀▀▀▀▀▀▀▀▀▀▀▀▀▀▀▀▀▀▀▀▀▀▀▀▀▀▀▀▀▀▀▀▀▀▀▀▀▀▀▀▀▀▀▀▀▀▀▀▀▀▀▀▀▀▀▀▀▀▀▀▀
09:09:21.028[36m [Client INFO] Successfully paired 6285718712604:14@s.whatsapp.net[0m

Successfully paired!
Menunggu koneksi siap...
09:09:21.949[36m [Client INFO] Got 515 code, reconnecting...[0m
09:09:22.885[36m [Client INFO] Successfully authenticated[0m
09:09:23.175[36m [Client INFO] Uploading 50 new prekeys to server[0m
09:09:30.297[36m [Client INFO] Updating contact store with 56 push names from history sync[0m
09:09:30.871[36m [Client INFO] Stored 59 message secret keys from history sync[0m
09:09:30.872[36m [Client INFO] Stored 63 privacy tokens from history sync[0m
09:09:38.576[36m [Client INFO] Stored 66 message secret keys from history sync[0m
09:09:38.576[36m [Client INFO] Stored 63 privacy tokens from history sync[0m
Terhubung ke WhatsApp
Menunggu koneksi stabil...

Memproses nomor 6281318969877 : Wiwiek Mardiwiyati Soerodjo
Memeriksa nomor WhatsApp: 6281318969877
Mengirim pesan ke 6281318969877...
Pesan terkirim ke 6281318969877, MessageID: 3EB0DB1D2A7B706A060931

Memproses nomor 6285710091987 : Yeremia Edgar A.
Memeriksa nomor WhatsApp: 6285710091987
Mengirim pesan ke 6285710091987...
Pesan terkirim ke 6285710091987, MessageID: 3EB0136FC8159C340843B0

Memproses nomor 6281212243806 : Yeroham Elyada
Memeriksa nomor WhatsApp: 6281212243806
Mengirim pesan ke 6281212243806...
Pesan terkirim ke 6281212243806, MessageID: 3EB0E0FEBA18922AFC80FC

Memproses nomor 6285694083767 : Yohanes Hyman Susanto
Memeriksa nomor WhatsApp: 6285694083767
Mengirim pesan ke 6285694083767...
Pesan terkirim ke 6285694083767, MessageID: 3EB09757BEC074B6F3DE51

Memproses nomor 6282142779690 : Yulius Bayu Hartyan
Memeriksa nomor WhatsApp: 6282142779690
Mengirim pesan ke 6282142779690...
Pesan terkirim ke 6282142779690, MessageID: 3EB0C976A66FEC068DAD10

Memproses nomor 6281212656220 : Yuyung Kurnianto
Memeriksa nomor WhatsApp: 6281212656220
Mengirim pesan ke 6281212656220...
Pesan terkirim ke 6281212656220, MessageID: 3EB0B78F95022F2CFC5B06

Memproses nomor 6285775132136 : Wiena Maria Agustia
Memeriksa nomor WhatsApp: 6285775132136
Mengirim pesan ke 6285775132136...
Pesan terkirim ke 6285775132136, MessageID: 3EB04843D431BE10F6B0B7

Memproses nomor 6282199843655 : Woro Haryanti
Memeriksa nomor WhatsApp: 6282199843655
Mengirim pesan ke 6282199843655...
Pesan terkirim ke 6282199843655, MessageID: 3EB0D67469B046AE23FA4C

Memproses nomor 6281290539045 : Yoana Sarce Sibagariang
Memeriksa nomor WhatsApp: 6281290539045
Mengirim pesan ke 6281290539045...
Pesan terkirim ke 6281290539045, MessageID: 3EB0AF1E6428E37A181B93

Memproses nomor 6285716089172 : Yosep Pinanto Kumendong
Memeriksa nomor WhatsApp: 6285716089172
Mengirim pesan ke 6285716089172...
Pesan terkirim ke 6285716089172, MessageID: 3EB09632456F456628A025

Memproses nomor 62081387991655 : Yovin Azriella Takaendengan
Memeriksa nomor WhatsApp: 62081387991655
Mengirim pesan ke 62081387991655...
Pesan terkirim ke 62081387991655, MessageID: 3EB0D90925A5EB54E63334

Memproses nomor 6281219862481 : Yul Suripto
Memeriksa nomor WhatsApp: 6281219862481
Mengirim pesan ke 6281219862481...
Pesan terkirim ke 6281219862481, MessageID: 3EB0E715BA82EF0E321BF2

Memproses nomor 6281384683288 : Yulianti
Memeriksa nomor WhatsApp: 6281384683288
Mengirim pesan ke 6281384683288...
Pesan terkirim ke 6281384683288, MessageID: 3EB0E0EF8C804F28C1D125

Memproses nomor 6285158074487 : Yunita Kristanti
Memeriksa nomor WhatsApp: 6285158074487
Mengirim pesan ke 6285158074487...
Pesan terkirim ke 6285158074487, MessageID: 3EB081DEBE9ECBF41CD0AA

Memproses nomor 6285883550658 : Woro Sukaeksi
Memeriksa nomor WhatsApp: 6285883550658
Mengirim pesan ke 6285883550658...
Pesan terkirim ke 6285883550658, MessageID: 3EB048EBBCBFE622E0BDFA

Memproses nomor 6281213725962 : Yatirin David Sumargo
Memeriksa nomor WhatsApp: 6281213725962
Mengirim pesan ke 6281213725962...
Pesan terkirim ke 6281213725962, MessageID: 3EB064EEE67CFA0F128063

Memproses nomor 6285882656290 : Yehezkiel Windriono
Memeriksa nomor WhatsApp: 6285882656290
Mengirim pesan ke 6285882656290...
Pesan terkirim ke 6285882656290, MessageID: 3EB064EDA5E6D9BA549C89
09:41:15.701[33m [Client WARN] Got 503 stream error, assuming automatic reconnect will handle it[0m
09:41:15.700[33m [Client WARN] Received stream end frame[0m
09:41:15.826[31m [Client/Socket ERROR] Error reading from websocket: websocket: close 1006 (abnormal closure): unexpected EOF[0m
09:41:20.900[31m [Client/Socket ERROR] Error reading from websocket: websocket: close 1006 (abnormal closure): unexpected EOF[0m
09:41:20.900[36m [Client INFO] Got 403: primary device was logged out connect failure, sending LoggedOut event and deleting session[0m

You have been logged out from another device.
Please restart the application to generate a new QR code.
